{"/Users/Yashasva_Sharma/Documents/milestone 2/uhi-health-consent-adaptor/src/config/requiredHeaders.js": {"path":"/Users/Yashasva_Sharma/Documents/milestone 2/uhi-health-consent-adaptor/src/config/requiredHeaders.js","statementMap":{"0":{"start":{"line":1,"column":24},"end":{"line":3,"column":1}},"1":{"start":{"line":5,"column":0},"end":{"line":5,"column":32}}},"fnMap":{},"branchMap":{},"s":{"0":2,"1":2},"f":{},"b":{},"_coverageSchema":"1a1c01bbd47fc00a2c39e90264f33305004495a9","hash":"725a6619a1a060ef60607b105448a3e4e9342013"}
,"/Users/Yashasva_Sharma/Documents/milestone 2/uhi-health-consent-adaptor/src/controllers/abdm.js": {"path":"/Users/Yashasva_Sharma/Documents/milestone 2/uhi-health-consent-adaptor/src/controllers/abdm.js","statementMap":{"0":{"start":{"line":1,"column":17},"end":{"line":1,"column":48}},"1":{"start":{"line":2,"column":21},"end":{"line":2,"column":53}},"2":{"start":{"line":3,"column":13},"end":{"line":16,"column":1}},"3":{"start":{"line":4,"column":2},"end":{"line":15,"column":3}},"4":{"start":{"line":5,"column":53},"end":{"line":5,"column":56}},"5":{"start":{"line":6,"column":21},"end":{"line":6,"column":73}},"6":{"start":{"line":7,"column":4},"end":{"line":7,"column":51}},"7":{"start":{"line":9,"column":4},"end":{"line":14,"column":5}},"8":{"start":{"line":10,"column":6},"end":{"line":10,"column":63}},"9":{"start":{"line":12,"column":6},"end":{"line":12,"column":26}},"10":{"start":{"line":13,"column":6},"end":{"line":13,"column":64}},"11":{"start":{"line":17,"column":0},"end":{"line":17,"column":21}}},"fnMap":{"0":{"name":"(anonymous_0)","decl":{"start":{"line":3,"column":13},"end":{"line":3,"column":14}},"loc":{"start":{"line":3,"column":33},"end":{"line":16,"column":1}},"line":3}},"branchMap":{"0":{"loc":{"start":{"line":9,"column":4},"end":{"line":14,"column":5}},"type":"if","locations":[{"start":{"line":9,"column":4},"end":{"line":14,"column":5}},{"start":{"line":11,"column":11},"end":{"line":14,"column":5}}],"line":9}},"s":{"0":1,"1":1,"2":1,"3":2,"4":2,"5":2,"6":1,"7":1,"8":1,"9":0,"10":0,"11":1},"f":{"0":2},"b":{"0":[1,0]},"_coverageSchema":"1a1c01bbd47fc00a2c39e90264f33305004495a9","hash":"83ac44d4a3386c04903967fa12768b6b3ecf8820"}
,"/Users/Yashasva_Sharma/Documents/milestone 2/uhi-health-consent-adaptor/src/services/gateway.js": {"path":"/Users/Yashasva_Sharma/Documents/milestone 2/uhi-health-consent-adaptor/src/services/gateway.js","statementMap":{"0":{"start":{"line":1,"column":19},"end":{"line":1,"column":44}},"1":{"start":{"line":4,"column":17},"end":{"line":28,"column":1}},"2":{"start":{"line":5,"column":22},"end":{"line":5,"column":45}},"3":{"start":{"line":7,"column":2},"end":{"line":15,"column":3}},"4":{"start":{"line":8,"column":28},"end":{"line":13,"column":5}},"5":{"start":{"line":14,"column":4},"end":{"line":14,"column":22}},"6":{"start":{"line":16,"column":26},"end":{"line":26,"column":3}},"7":{"start":{"line":27,"column":2},"end":{"line":27,"column":20}},"8":{"start":{"line":30,"column":0},"end":{"line":30,"column":29}}},"fnMap":{"0":{"name":"(anonymous_0)","decl":{"start":{"line":4,"column":17},"end":{"line":4,"column":18}},"loc":{"start":{"line":4,"column":29},"end":{"line":28,"column":1}},"line":4}},"branchMap":{"0":{"loc":{"start":{"line":7,"column":2},"end":{"line":15,"column":3}},"type":"if","locations":[{"start":{"line":7,"column":2},"end":{"line":15,"column":3}},{"start":{},"end":{}}],"line":7}},"s":{"0":3,"1":3,"2":2,"3":2,"4":1,"5":1,"6":1,"7":1,"8":3},"f":{"0":2},"b":{"0":[1,1]},"_coverageSchema":"1a1c01bbd47fc00a2c39e90264f33305004495a9","hash":"ba25203a79989567e4324f08e97f4cf00cda4960"}
,"/Users/Yashasva_Sharma/Documents/milestone 2/uhi-health-consent-adaptor/src/services/healthId.js": {"path":"/Users/Yashasva_Sharma/Documents/milestone 2/uhi-health-consent-adaptor/src/services/healthId.js","statementMap":{"0":{"start":{"line":1,"column":24},"end":{"line":1,"column":60}},"1":{"start":{"line":2,"column":17},"end":{"line":2,"column":37}},"2":{"start":{"line":3,"column":17},"end":{"line":3,"column":45}},"3":{"start":{"line":6,"column":22},"end":{"line":6,"column":47}},"4":{"start":{"line":7,"column":25},"end":{"line":7,"column":27}},"5":{"start":{"line":8,"column":2},"end":{"line":12,"column":4}},"6":{"start":{"line":9,"column":4},"end":{"line":11,"column":5}},"7":{"start":{"line":10,"column":6},"end":{"line":10,"column":46}},"8":{"start":{"line":14,"column":14},"end":{"line":21,"column":4}},"9":{"start":{"line":23,"column":2},"end":{"line":23,"column":46}},"10":{"start":{"line":24,"column":15},"end":{"line":24,"column":56}},"11":{"start":{"line":25,"column":2},"end":{"line":28,"column":3}},"12":{"start":{"line":30,"column":0},"end":{"line":30,"column":29}}},"fnMap":{"0":{"name":"healthId","decl":{"start":{"line":5,"column":15},"end":{"line":5,"column":23}},"loc":{"start":{"line":5,"column":54},"end":{"line":29,"column":1}},"line":5},"1":{"name":"(anonymous_1)","decl":{"start":{"line":8,"column":26},"end":{"line":8,"column":27}},"loc":{"start":{"line":8,"column":38},"end":{"line":12,"column":3}},"line":8}},"branchMap":{"0":{"loc":{"start":{"line":9,"column":4},"end":{"line":11,"column":5}},"type":"if","locations":[{"start":{"line":9,"column":4},"end":{"line":11,"column":5}},{"start":{},"end":{}}],"line":9},"1":{"loc":{"start":{"line":20,"column":10},"end":{"line":20,"column":61}},"type":"cond-expr","locations":[{"start":{"line":20,"column":29},"end":{"line":20,"column":38}},{"start":{"line":20,"column":41},"end":{"line":20,"column":61}}],"line":20}},"s":{"0":2,"1":2,"2":2,"3":2,"4":2,"5":2,"6":10,"7":2,"8":2,"9":2,"10":2,"11":2,"12":2},"f":{"0":2,"1":10},"b":{"0":[2,8],"1":[1,1]},"_coverageSchema":"1a1c01bbd47fc00a2c39e90264f33305004495a9","hash":"1c06379065f1689b6e826d204d4e8665699b792a"}
,"/Users/Yashasva_Sharma/Documents/milestone 2/uhi-health-consent-adaptor/src/utils/fetch.js": {"path":"/Users/Yashasva_Sharma/Documents/milestone 2/uhi-health-consent-adaptor/src/utils/fetch.js","statementMap":{"0":{"start":{"line":1,"column":12},"end":{"line":1,"column":35}},"1":{"start":{"line":2,"column":31},"end":{"line":2,"column":49}},"2":{"start":{"line":3,"column":17},"end":{"line":3,"column":38}},"3":{"start":{"line":5,"column":21},"end":{"line":5,"column":23}},"4":{"start":{"line":7,"column":19},"end":{"line":25,"column":1}},"5":{"start":{"line":8,"column":20},"end":{"line":8,"column":54}},"6":{"start":{"line":9,"column":2},"end":{"line":11,"column":3}},"7":{"start":{"line":10,"column":4},"end":{"line":10,"column":32}},"8":{"start":{"line":12,"column":14},"end":{"line":12,"column":32}},"9":{"start":{"line":13,"column":2},"end":{"line":13,"column":27}},"10":{"start":{"line":14,"column":19},"end":{"line":14,"column":51}},"11":{"start":{"line":15,"column":2},"end":{"line":15,"column":51}},"12":{"start":{"line":17,"column":15},"end":{"line":17,"column":61}},"13":{"start":{"line":18,"column":2},"end":{"line":21,"column":3}},"14":{"start":{"line":19,"column":20},"end":{"line":19,"column":56}},"15":{"start":{"line":20,"column":4},"end":{"line":20,"column":61}},"16":{"start":{"line":23,"column":2},"end":{"line":23,"column":117}},"17":{"start":{"line":24,"column":2},"end":{"line":24,"column":56}},"18":{"start":{"line":27,"column":0},"end":{"line":27,"column":31}}},"fnMap":{"0":{"name":"(anonymous_0)","decl":{"start":{"line":7,"column":19},"end":{"line":7,"column":20}},"loc":{"start":{"line":7,"column":54},"end":{"line":25,"column":1}},"line":7}},"branchMap":{"0":{"loc":{"start":{"line":9,"column":2},"end":{"line":11,"column":3}},"type":"if","locations":[{"start":{"line":9,"column":2},"end":{"line":11,"column":3}},{"start":{},"end":{}}],"line":9},"1":{"loc":{"start":{"line":18,"column":2},"end":{"line":21,"column":3}},"type":"if","locations":[{"start":{"line":18,"column":2},"end":{"line":21,"column":3}},{"start":{},"end":{}}],"line":18},"2":{"loc":{"start":{"line":19,"column":31},"end":{"line":19,"column":55}},"type":"binary-expr","locations":[{"start":{"line":19,"column":31},"end":{"line":19,"column":47}},{"start":{"line":19,"column":51},"end":{"line":19,"column":55}}],"line":19},"3":{"loc":{"start":{"line":23,"column":52},"end":{"line":23,"column":99}},"type":"cond-expr","locations":[{"start":{"line":23,"column":71},"end":{"line":23,"column":75}},{"start":{"line":23,"column":78},"end":{"line":23,"column":99}}],"line":23},"4":{"loc":{"start":{"line":24,"column":9},"end":{"line":24,"column":56}},"type":"cond-expr","locations":[{"start":{"line":24,"column":28},"end":{"line":24,"column":32}},{"start":{"line":24,"column":35},"end":{"line":24,"column":56}}],"line":24}},"s":{"0":4,"1":4,"2":4,"3":4,"4":4,"5":2,"6":2,"7":1,"8":1,"9":1,"10":1,"11":1,"12":1,"13":1,"14":0,"15":0,"16":1,"17":1,"18":4},"f":{"0":2},"b":{"0":[1,1],"1":[0,1],"2":[0,0],"3":[1,0],"4":[1,0]},"_coverageSchema":"1a1c01bbd47fc00a2c39e90264f33305004495a9","hash":"9a7446ff4193ea8833fc9072487896e99d7c18a6"}
,"/Users/Yashasva_Sharma/Documents/milestone 2/uhi-health-consent-adaptor/src/utils/redis.js": {"path":"/Users/Yashasva_Sharma/Documents/milestone 2/uhi-health-consent-adaptor/src/utils/redis.js","statementMap":{"0":{"start":{"line":1,"column":14},"end":{"line":1,"column":32}},"1":{"start":{"line":3,"column":15},"end":{"line":6,"column":2}},"2":{"start":{"line":8,"column":17},"end":{"line":10,"column":1}},"3":{"start":{"line":9,"column":2},"end":{"line":9,"column":44}},"4":{"start":{"line":12,"column":17},"end":{"line":15,"column":1}},"5":{"start":{"line":13,"column":20},"end":{"line":13,"column":41}},"6":{"start":{"line":14,"column":2},"end":{"line":14,"column":18}},"7":{"start":{"line":17,"column":0},"end":{"line":20,"column":1}}},"fnMap":{"0":{"name":"(anonymous_0)","decl":{"start":{"line":8,"column":17},"end":{"line":8,"column":18}},"loc":{"start":{"line":8,"column":47},"end":{"line":10,"column":1}},"line":8},"1":{"name":"(anonymous_1)","decl":{"start":{"line":12,"column":17},"end":{"line":12,"column":18}},"loc":{"start":{"line":12,"column":30},"end":{"line":15,"column":1}},"line":12}},"branchMap":{},"s":{"0":3,"1":3,"2":3,"3":0,"4":3,"5":0,"6":0,"7":3},"f":{"0":0,"1":0},"b":{},"_coverageSchema":"1a1c01bbd47fc00a2c39e90264f33305004495a9","hash":"14c67382d61c4e368594f9c18870d6228cca7195"}
,"/Users/Yashasva_Sharma/Documents/milestone 2/uhi-health-consent-adaptor/src/utils/requestError.js": {"path":"/Users/Yashasva_Sharma/Documents/milestone 2/uhi-health-consent-adaptor/src/utils/requestError.js","statementMap":{"0":{"start":{"line":3,"column":4},"end":{"line":3,"column":18}},"1":{"start":{"line":4,"column":4},"end":{"line":4,"column":24}},"2":{"start":{"line":8,"column":0},"end":{"line":8,"column":29}}},"fnMap":{"0":{"name":"(anonymous_0)","decl":{"start":{"line":2,"column":2},"end":{"line":2,"column":3}},"loc":{"start":{"line":2,"column":32},"end":{"line":5,"column":3}},"line":2}},"branchMap":{},"s":{"0":7,"1":7,"2":4},"f":{"0":7},"b":{},"_coverageSchema":"1a1c01bbd47fc00a2c39e90264f33305004495a9","hash":"b2f718e74c4872af87133596e232d1b1155c69cf"}
,"/Users/Yashasva_Sharma/Documents/milestone 2/uhi-health-consent-adaptor/src/utils/response.js": {"path":"/Users/Yashasva_Sharma/Documents/milestone 2/uhi-health-consent-adaptor/src/utils/response.js","statementMap":{"0":{"start":{"line":1,"column":21},"end":{"line":1,"column":46}},"1":{"start":{"line":6,"column":33},"end":{"line":16,"column":1}},"2":{"start":{"line":7,"column":2},"end":{"line":15,"column":3}},"3":{"start":{"line":8,"column":17},"end":{"line":8,"column":54}},"4":{"start":{"line":9,"column":4},"end":{"line":13,"column":5}},"5":{"start":{"line":10,"column":6},"end":{"line":10,"column":70}},"6":{"start":{"line":11,"column":11},"end":{"line":13,"column":5}},"7":{"start":{"line":12,"column":6},"end":{"line":12,"column":59}},"8":{"start":{"line":14,"column":4},"end":{"line":14,"column":65}},"9":{"start":{"line":18,"column":30},"end":{"line":26,"column":1}},"10":{"start":{"line":19,"column":15},"end":{"line":19,"column":36}},"11":{"start":{"line":20,"column":2},"end":{"line":25,"column":3}},"12":{"start":{"line":21,"column":17},"end":{"line":21,"column":33}},"13":{"start":{"line":22,"column":4},"end":{"line":22,"column":15}},"14":{"start":{"line":24,"column":4},"end":{"line":24,"column":15}},"15":{"start":{"line":28,"column":0},"end":{"line":31,"column":1}}},"fnMap":{"0":{"name":"(anonymous_0)","decl":{"start":{"line":6,"column":33},"end":{"line":6,"column":34}},"loc":{"start":{"line":6,"column":53},"end":{"line":16,"column":1}},"line":6},"1":{"name":"(anonymous_1)","decl":{"start":{"line":18,"column":30},"end":{"line":18,"column":31}},"loc":{"start":{"line":18,"column":50},"end":{"line":26,"column":1}},"line":18}},"branchMap":{"0":{"loc":{"start":{"line":7,"column":2},"end":{"line":15,"column":3}},"type":"if","locations":[{"start":{"line":7,"column":2},"end":{"line":15,"column":3}},{"start":{},"end":{}}],"line":7},"1":{"loc":{"start":{"line":9,"column":4},"end":{"line":13,"column":5}},"type":"if","locations":[{"start":{"line":9,"column":4},"end":{"line":13,"column":5}},{"start":{"line":11,"column":11},"end":{"line":13,"column":5}}],"line":9},"2":{"loc":{"start":{"line":9,"column":8},"end":{"line":9,"column":47}},"type":"binary-expr","locations":[{"start":{"line":9,"column":8},"end":{"line":9,"column":20}},{"start":{"line":9,"column":24},"end":{"line":9,"column":47}}],"line":9},"3":{"loc":{"start":{"line":11,"column":11},"end":{"line":13,"column":5}},"type":"if","locations":[{"start":{"line":11,"column":11},"end":{"line":13,"column":5}},{"start":{},"end":{}}],"line":11}},"s":{"0":4,"1":4,"2":7,"3":6,"4":6,"5":2,"6":4,"7":2,"8":2,"9":4,"10":6,"11":6,"12":6,"13":0,"14":6,"15":4},"f":{"0":7,"1":6},"b":{"0":[6,1],"1":[2,4],"2":[6,2],"3":[2,2]},"_coverageSchema":"1a1c01bbd47fc00a2c39e90264f33305004495a9","hash":"3bfc8f9799c566d34f3de8b2e93773197500c2be"}
}
