TN:
SF:src/config/requiredHeaders.js
FNF:0
FNH:0
DA:1,2
DA:5,2
LF:2
LH:2
BRF:0
BRH:0
end_of_record
TN:
SF:src/controllers/abdm.js
FN:3,(anonymous_0)
FNF:1
FNH:1
FNDA:2,(anonymous_0)
DA:1,1
DA:2,1
DA:3,1
DA:4,2
DA:5,2
DA:6,2
DA:7,1
DA:9,1
DA:10,1
DA:12,0
DA:13,0
DA:17,1
LF:12
LH:10
BRDA:9,0,0,1
BRDA:9,0,1,0
BRF:2
BRH:1
end_of_record
TN:
SF:src/services/gateway.js
FN:4,(anonymous_0)
FNF:1
FNH:1
FNDA:2,(anonymous_0)
DA:1,3
DA:4,3
DA:5,2
DA:7,2
DA:8,1
DA:14,1
DA:16,1
DA:27,1
DA:30,3
LF:9
LH:9
BRDA:7,0,0,1
BRDA:7,0,1,1
BRF:2
BRH:2
end_of_record
TN:
SF:src/services/healthId.js
FN:5,healthId
FN:8,(anonymous_1)
FNF:2
FNH:2
FNDA:2,healthId
FNDA:10,(anonymous_1)
DA:1,2
DA:2,2
DA:3,2
DA:6,2
DA:7,2
DA:8,2
DA:9,10
DA:10,2
DA:14,2
DA:23,2
DA:24,2
DA:25,2
DA:30,2
LF:13
LH:13
BRDA:9,0,0,2
BRDA:9,0,1,8
BRDA:20,1,0,1
BRDA:20,1,1,1
BRF:4
BRH:4
end_of_record
TN:
SF:src/utils/fetch.js
FN:7,(anonymous_0)
FNF:1
FNH:1
FNDA:2,(anonymous_0)
DA:1,4
DA:2,4
DA:3,4
DA:5,4
DA:7,4
DA:8,2
DA:9,2
DA:10,1
DA:12,1
DA:13,1
DA:14,1
DA:15,1
DA:17,1
DA:18,1
DA:19,0
DA:20,0
DA:23,1
DA:24,1
DA:27,4
LF:19
LH:17
BRDA:9,0,0,1
BRDA:9,0,1,1
BRDA:18,1,0,0
BRDA:18,1,1,1
BRDA:19,2,0,0
BRDA:19,2,1,0
BRDA:23,3,0,1
BRDA:23,3,1,0
BRDA:24,4,0,1
BRDA:24,4,1,0
BRF:10
BRH:5
end_of_record
TN:
SF:src/utils/redis.js
FN:8,(anonymous_0)
FN:12,(anonymous_1)
FNF:2
FNH:0
FNDA:0,(anonymous_0)
FNDA:0,(anonymous_1)
DA:1,3
DA:3,3
DA:8,3
DA:9,0
DA:12,3
DA:13,0
DA:14,0
DA:17,3
LF:8
LH:5
BRF:0
BRH:0
end_of_record
TN:
SF:src/utils/requestError.js
FN:2,(anonymous_0)
FNF:1
FNH:1
FNDA:7,(anonymous_0)
DA:3,7
DA:4,7
DA:8,4
LF:3
LH:3
BRF:0
BRH:0
end_of_record
TN:
SF:src/utils/response.js
FN:6,(anonymous_0)
FN:18,(anonymous_1)
FNF:2
FNH:2
FNDA:7,(anonymous_0)
FNDA:6,(anonymous_1)
DA:1,4
DA:6,4
DA:7,7
DA:8,6
DA:9,6
DA:10,2
DA:11,4
DA:12,2
DA:14,2
DA:18,4
DA:19,6
DA:20,6
DA:21,6
DA:22,0
DA:24,6
DA:28,4
LF:16
LH:15
BRDA:7,0,0,6
BRDA:7,0,1,1
BRDA:9,1,0,2
BRDA:9,1,1,4
BRDA:9,2,0,6
BRDA:9,2,1,2
BRDA:11,3,0,2
BRDA:11,3,1,2
BRF:8
BRH:8
end_of_record
